<?xml version="1.0" encoding="UTF-8"?>
<testng-results ignored="0" total="1" passed="1" failed="0" skipped="0">
  <reporter-output>
  </reporter-output>
  <suite started-at="2023-01-27T14:35:55 CST" name="Default suite" finished-at="2023-01-27T14:36:09 CST" duration-ms="13866">
    <groups>
    </groups>
    <test started-at="2023-01-27T14:35:55 CST" name="Default test" finished-at="2023-01-27T14:36:09 CST" duration-ms="13866">
      <class name="seamlessHr.validTest">
        <test-method signature="f()[pri:0, instance:seamlessHr.validTest@f09733f]" started-at="2023-01-27T14:35:55 CST" name="f" finished-at="2023-01-27T14:36:09 CST" duration-ms="13794" status="PASS">
          <reporter-output>
          </reporter-output>
        </test-method> <!-- f -->
      </class> <!-- seamlessHr.validTest -->
    </test> <!-- Default test -->
  </suite> <!-- Default suite -->
</testng-results>
